[2025-04-02 18:54:02] [ INFO ] [AverageList:15] La longitud de la lista es mayor a 5 y el promedio es: 5
[2025-04-02 18:54:02] [ ERROR] [Main:20] La lista está vacía java.lang.Exception
[2025-04-04 10:41:03] [ INFO ] [Animal:56] Nombre: Molly - Tipo: gato
[2025-04-04 10:41:03] [ INFO ] [Animal:56] Nombre: Helga - Tipo: perro
[2025-04-04 10:41:03] [ INFO ] [Animal:56] Nombre: Melba - Tipo: perro
[2025-04-04 10:41:03] [ INFO ] [Animal:56] Nombre: Rocky - Tipo: tortuga
[2025-04-04 10:41:03] [ WARN ] [Animal:62] ADVERTENCIA: Se borró un animal de la tabla con el id = 3
[2025-04-04 10:41:03] [ INFO ] [Animal:73] Nombre: Molly - Tipo: gato
[2025-04-04 10:41:03] [ INFO ] [Animal:73] Nombre: Helga - Tipo: perro
[2025-04-04 10:41:03] [ INFO ] [Animal:73] Nombre: Rocky - Tipo: tortuga
[2025-04-04 11:26:54] [ INFO ] [Animal:56] Nombre: Molly - Tipo: gato
[2025-04-04 11:26:54] [ INFO ] [Animal:56] Nombre: Helga - Tipo: perro
[2025-04-04 11:26:54] [ INFO ] [Animal:56] Nombre: Melba - Tipo: perro
[2025-04-04 11:26:54] [ INFO ] [Animal:56] Nombre: Rocky - Tipo: tortuga
[2025-04-04 11:26:54] [ WARN ] [Animal:62] ADVERTENCIA: Se borró un animal de la tabla con el id = 3
[2025-04-04 11:26:54] [ INFO ] [Animal:73] Nombre: Molly - Tipo: gato
[2025-04-04 11:26:54] [ INFO ] [Animal:73] Nombre: Helga - Tipo: perro
[2025-04-04 11:26:54] [ INFO ] [Animal:73] Nombre: Rocky - Tipo: tortuga
[2025-04-04 11:31:23] [ INFO ] [Animal:56] Nombre: Molly - Tipo: gato
[2025-04-04 11:31:23] [ INFO ] [Animal:56] Nombre: Helga - Tipo: perro
[2025-04-04 11:31:23] [ INFO ] [Animal:56] Nombre: Melba - Tipo: perro
[2025-04-04 11:31:23] [ INFO ] [Animal:56] Nombre: Rocky - Tipo: tortuga
[2025-04-04 11:31:23] [ WARN ] [Animal:62] ADVERTENCIA: Se borró un animal de la tabla con el id = 3
[2025-04-04 11:31:23] [ INFO ] [Animal:73] Nombre: Molly - Tipo: gato
[2025-04-04 11:31:23] [ INFO ] [Animal:73] Nombre: Helga - Tipo: perro
[2025-04-04 11:31:23] [ INFO ] [Animal:73] Nombre: Rocky - Tipo: tortuga
